<?xml version="1.0" encoding="UTF-8"?>
<coverage generated="1638996503956" clover="3.2.0">
  <project timestamp="1638996503957" name="All files">
    <metrics statements="13" coveredstatements="10" conditionals="0" coveredconditionals="0" methods="8" coveredmethods="5" elements="21" coveredelements="15" complexity="0" loc="13" ncloc="13" packages="1" files="2" classes="2"/>
    <file name="Calculator.js" path="C:\Users\User1\Documents\GitHub\Testing-Practice\Calculator.js">
      <metrics statements="6" coveredstatements="6" conditionals="0" coveredconditionals="0" methods="5" coveredmethods="5"/>
      <line num="3" count="1" type="stmt"/>
      <line num="4" count="1" type="stmt"/>
      <line num="7" count="3" type="stmt"/>
      <line num="10" count="3" type="stmt"/>
      <line num="13" count="3" type="stmt"/>
      <line num="16" count="4" type="stmt"/>
    </file>
    <file name="functions.js" path="C:\Users\User1\Documents\GitHub\Testing-Practice\functions.js">
      <metrics statements="7" coveredstatements="4" conditionals="0" coveredconditionals="0" methods="3" coveredmethods="0"/>
      <line num="1" count="1" type="stmt"/>
      <line num="2" count="0" type="stmt"/>
      <line num="6" count="1" type="stmt"/>
      <line num="7" count="0" type="stmt"/>
      <line num="11" count="1" type="stmt"/>
      <line num="12" count="0" type="stmt"/>
      <line num="15" count="1" type="stmt"/>
    </file>
  </project>
</coverage>
