TN:
SF:Calculator.js
FN:2,(anonymous_0)
FN:6,(anonymous_1)
FN:9,(anonymous_2)
FN:12,(anonymous_3)
FN:15,(anonymous_4)
FNF:5
FNH:5
FNDA:1,(anonymous_0)
FNDA:3,(anonymous_1)
FNDA:3,(anonymous_2)
FNDA:3,(anonymous_3)
FNDA:4,(anonymous_4)
DA:3,1
DA:4,1
DA:7,3
DA:10,3
DA:13,3
DA:16,4
LF:6
LH:6
BRF:0
BRH:0
end_of_record
TN:
SF:functions.js
FN:1,(anonymous_0)
FN:6,(anonymous_1)
FN:11,(anonymous_2)
FNF:3
FNH:0
FNDA:0,(anonymous_0)
FNDA:0,(anonymous_1)
FNDA:0,(anonymous_2)
DA:1,1
DA:2,0
DA:6,1
DA:7,0
DA:11,1
DA:12,0
DA:15,1
LF:7
LH:4
BRF:0
BRH:0
end_of_record
